#-----------------------------------------------------------
# Vivado v2018.2 (64-bit)
# SW Build 2258646 on Thu Jun 14 20:03:12 MDT 2018
# IP Build 2256618 on Thu Jun 14 22:10:49 MDT 2018
# Start of session at: Mon May 26 23:46:08 2025
# Process ID: 1200
# Current directory: C:/Users/ASUS/Downloads/Nano Processor Final_ALU/Nano Processor Final
# Command line: vivado.exe -gui_launcher_event rodinguilauncherevent23236 C:\Users\ASUS\Downloads\Nano Processor Final_ALU\Nano Processor Final\Nano Processor Final.xpr
# Log file: C:/Users/ASUS/Downloads/Nano Processor Final_ALU/Nano Processor Final/vivado.log
# Journal file: C:/Users/ASUS/Downloads/Nano Processor Final_ALU/Nano Processor Final\vivado.jou
#-----------------------------------------------------------
start_gui
open_project {C:/Users/ASUS/Downloads/Nano Processor Final_ALU/Nano Processor Final/Nano Processor Final.xpr}
Scanning sources...
Finished scanning sources
INFO: [IP_Flow 19-234] Refreshing IP repositories
INFO: [IP_Flow 19-1704] No user IP repositories specified
INFO: [IP_Flow 19-2313] Loaded Vivado IP repository 'C:/Xilinx/Vivado/2018.2/data/ip'.
open_project: Time (s): cpu = 00:00:11 ; elapsed = 00:00:06 . Memory (MB): peak = 904.910 ; gain = 148.965
update_compile_order -fileset sources_1
