Vivado Simulator 2018.2
Copyright 1986-1999, 2001-2018 Xilinx, Inc. All Rights Reserved.
Running: C:/Xilinx/Vivado/2018.2/bin/unwrapped/win64.o/xelab.exe -wto f5385afde441446a984f1353d6225fa9 --incr --debug typical --relax --mt 2 -L xil_defaultlib -L secureip --snapshot TB_Processor_behav xil_defaultlib.TB_Processor -log elaborate.log 
Using 2 slave threads.
Starting static elaboration
Completed static elaboration
Starting simulation data flow analysis
Completed simulation data flow analysis
Time Resolution for simulation is 1ps
Compiling package std.standard
Compiling package std.textio
Compiling package ieee.std_logic_1164
Compiling package ieee.numeric_std
Compiling architecture behavioral of entity xil_defaultlib.Clock [clock_default]
Compiling architecture behavioral of entity xil_defaultlib.Program_Rom [program_rom_default]
Compiling architecture behavioral of entity xil_defaultlib.Instruction_Decoder [instruction_decoder_default]
Compiling architecture behavioral of entity xil_defaultlib.Multiplexer_2_way_4_bit [multiplexer_2_way_4_bit_default]
Compiling architecture behavioral of entity xil_defaultlib.Decoder_2_to_4 [decoder_2_to_4_default]
Compiling architecture behavioral of entity xil_defaultlib.Decoder_3_to_8 [decoder_3_to_8_default]
Compiling architecture behavioral of entity xil_defaultlib.Register_4_bit [register_4_bit_default]
Compiling architecture behavioral of entity xil_defaultlib.Register_Bank [register_bank_default]
Compiling architecture behavioral of entity xil_defaultlib.Multiplexer_4_way_4_bit [multiplexer_4_way_4_bit_default]
Compiling architecture behavioral of entity xil_defaultlib.Multiplexer_8_way_4_bit [multiplexer_8_way_4_bit_default]
Compiling architecture behavioral of entity xil_defaultlib.Half_Adder [half_adder_default]
Compiling architecture behavioral of entity xil_defaultlib.Full_Adder [full_adder_default]
Compiling architecture behavioral of entity xil_defaultlib.RCAS_4 [rcas_4_default]
Compiling architecture behavioral of entity xil_defaultlib.Comparator [comparator_default]
Compiling architecture behavioral of entity xil_defaultlib.Multiplier [multiplier_default]
Compiling architecture behavioral of entity xil_defaultlib.ALU [alu_default]
Compiling architecture behavioral of entity xil_defaultlib.RC_3 [rc_3_default]
Compiling architecture behavioral of entity xil_defaultlib.Multiplexer_2_way_3_bit [multiplexer_2_way_3_bit_default]
Compiling architecture behavioral of entity xil_defaultlib.Program_Counter [program_counter_default]
Compiling architecture behavioral of entity xil_defaultlib.LUT_16_7 [lut_16_7_default]
Compiling architecture behavioral of entity xil_defaultlib.Processor [processor_default]
Compiling architecture behavioral of entity xil_defaultlib.tb_processor
Built simulation snapshot TB_Processor_behav
